I, [2017-06-12T06:22:57.739383 #18224]  INFO -- Kitchen: -----> Starting Kitchen (v1.16.0)
E, [2017-06-12T06:22:57.742238 #18224] ERROR -- Kitchen: ------Exception-------
E, [2017-06-12T06:22:57.742294 #18224] ERROR -- Kitchen: Class: Kitchen::UserError
E, [2017-06-12T06:22:57.742343 #18224] ERROR -- Kitchen: Message: Error parsing /root/chef-repo/cookbooks/apache/.kitchen.yml as YAML.
Please run `kitchen diagnose --no-instances --loader' to help debug your issue.
E, [2017-06-12T06:22:57.742377 #18224] ERROR -- Kitchen: ----------------------
E, [2017-06-12T06:22:57.742407 #18224] ERROR -- Kitchen: ------Backtrace-------
E, [2017-06-12T06:22:57.742437 #18224] ERROR -- Kitchen: /opt/chefdk/embedded/lib/ruby/gems/2.3.0/gems/test-kitchen-1.16.0/lib/kitchen/loader/yaml.rb:340:in `rescue in parse_yaml_string'
E, [2017-06-12T06:22:57.742468 #18224] ERROR -- Kitchen: /opt/chefdk/embedded/lib/ruby/gems/2.3.0/gems/test-kitchen-1.16.0/lib/kitchen/loader/yaml.rb:329:in `parse_yaml_string'
E, [2017-06-12T06:22:57.742500 #18224] ERROR -- Kitchen: /opt/chefdk/embedded/lib/ruby/gems/2.3.0/gems/test-kitchen-1.16.0/lib/kitchen/loader/yaml.rb:135:in `yaml'
E, [2017-06-12T06:22:57.742530 #18224] ERROR -- Kitchen: /opt/chefdk/embedded/lib/ruby/gems/2.3.0/gems/test-kitchen-1.16.0/lib/kitchen/loader/yaml.rb:123:in `combined_hash'
E, [2017-06-12T06:22:57.742561 #18224] ERROR -- Kitchen: /opt/chefdk/embedded/lib/ruby/gems/2.3.0/gems/test-kitchen-1.16.0/lib/kitchen/loader/yaml.rb:74:in `read'
E, [2017-06-12T06:22:57.742592 #18224] ERROR -- Kitchen: /opt/chefdk/embedded/lib/ruby/gems/2.3.0/gems/test-kitchen-1.16.0/lib/kitchen/config.rb:152:in `data'
E, [2017-06-12T06:22:57.742623 #18224] ERROR -- Kitchen: /opt/chefdk/embedded/lib/ruby/gems/2.3.0/gems/test-kitchen-1.16.0/lib/kitchen/config.rb:131:in `suites'
E, [2017-06-12T06:22:57.742653 #18224] ERROR -- Kitchen: /opt/chefdk/embedded/lib/ruby/gems/2.3.0/gems/test-kitchen-1.16.0/lib/kitchen/config.rb:182:in `filter_instances'
E, [2017-06-12T06:22:57.742685 #18224] ERROR -- Kitchen: /opt/chefdk/embedded/lib/ruby/gems/2.3.0/gems/test-kitchen-1.16.0/lib/kitchen/config.rb:141:in `build_instances'
E, [2017-06-12T06:22:57.742715 #18224] ERROR -- Kitchen: /opt/chefdk/embedded/lib/ruby/gems/2.3.0/gems/test-kitchen-1.16.0/lib/kitchen/config.rb:117:in `instances'
E, [2017-06-12T06:22:57.742767 #18224] ERROR -- Kitchen: /opt/chefdk/embedded/lib/ruby/gems/2.3.0/gems/test-kitchen-1.16.0/lib/kitchen/command.rb:112:in `filtered_instances'
E, [2017-06-12T06:22:57.742806 #18224] ERROR -- Kitchen: /opt/chefdk/embedded/lib/ruby/gems/2.3.0/gems/test-kitchen-1.16.0/lib/kitchen/command.rb:142:in `parse_subcommand'
E, [2017-06-12T06:22:57.742839 #18224] ERROR -- Kitchen: /opt/chefdk/embedded/lib/ruby/gems/2.3.0/gems/test-kitchen-1.16.0/lib/kitchen/command/action.rb:35:in `block in call'
E, [2017-06-12T06:22:57.742871 #18224] ERROR -- Kitchen: /opt/chefdk/embedded/lib/ruby/2.3.0/benchmark.rb:293:in `measure'
E, [2017-06-12T06:22:57.742901 #18224] ERROR -- Kitchen: /opt/chefdk/embedded/lib/ruby/gems/2.3.0/gems/test-kitchen-1.16.0/lib/kitchen/command/action.rb:34:in `call'
E, [2017-06-12T06:22:57.742932 #18224] ERROR -- Kitchen: /opt/chefdk/embedded/lib/ruby/gems/2.3.0/gems/test-kitchen-1.16.0/lib/kitchen/cli.rb:53:in `perform'
E, [2017-06-12T06:22:57.742963 #18224] ERROR -- Kitchen: /opt/chefdk/embedded/lib/ruby/gems/2.3.0/gems/test-kitchen-1.16.0/lib/kitchen/cli.rb:187:in `block (2 levels) in <class:CLI>'
E, [2017-06-12T06:22:57.742994 #18224] ERROR -- Kitchen: /opt/chefdk/embedded/lib/ruby/gems/2.3.0/gems/thor-0.19.1/lib/thor/command.rb:27:in `run'
E, [2017-06-12T06:22:57.743025 #18224] ERROR -- Kitchen: /opt/chefdk/embedded/lib/ruby/gems/2.3.0/gems/thor-0.19.1/lib/thor/invocation.rb:126:in `invoke_command'
E, [2017-06-12T06:22:57.743055 #18224] ERROR -- Kitchen: /opt/chefdk/embedded/lib/ruby/gems/2.3.0/gems/test-kitchen-1.16.0/lib/kitchen/cli.rb:334:in `invoke_task'
E, [2017-06-12T06:22:57.743086 #18224] ERROR -- Kitchen: /opt/chefdk/embedded/lib/ruby/gems/2.3.0/gems/thor-0.19.1/lib/thor.rb:359:in `dispatch'
E, [2017-06-12T06:22:57.743117 #18224] ERROR -- Kitchen: /opt/chefdk/embedded/lib/ruby/gems/2.3.0/gems/thor-0.19.1/lib/thor/base.rb:440:in `start'
E, [2017-06-12T06:22:57.743172 #18224] ERROR -- Kitchen: /opt/chefdk/embedded/lib/ruby/gems/2.3.0/gems/test-kitchen-1.16.0/bin/kitchen:13:in `block in <top (required)>'
E, [2017-06-12T06:22:57.743209 #18224] ERROR -- Kitchen: /opt/chefdk/embedded/lib/ruby/gems/2.3.0/gems/test-kitchen-1.16.0/lib/kitchen/errors.rb:171:in `with_friendly_errors'
E, [2017-06-12T06:22:57.743241 #18224] ERROR -- Kitchen: /opt/chefdk/embedded/lib/ruby/gems/2.3.0/gems/test-kitchen-1.16.0/bin/kitchen:13:in `<top (required)>'
E, [2017-06-12T06:22:57.743272 #18224] ERROR -- Kitchen: /usr/bin/kitchen:21:in `load'
E, [2017-06-12T06:22:57.743310 #18224] ERROR -- Kitchen: /usr/bin/kitchen:21:in `<main>'
E, [2017-06-12T06:22:57.743340 #18224] ERROR -- Kitchen: ----End Backtrace-----
E, [2017-06-12T06:22:57.743369 #18224] ERROR -- Kitchen: ---Nested Exception---
E, [2017-06-12T06:22:57.743398 #18224] ERROR -- Kitchen: Class: Psych::SyntaxError
E, [2017-06-12T06:22:57.743427 #18224] ERROR -- Kitchen: Message: (<unknown>): did not find expected '-' indicator while parsing a block collection at line 19 column 3
E, [2017-06-12T06:22:57.743458 #18224] ERROR -- Kitchen: ----------------------
E, [2017-06-12T06:22:57.743487 #18224] ERROR -- Kitchen: ------Backtrace-------
E, [2017-06-12T06:22:57.743516 #18224] ERROR -- Kitchen: /opt/chefdk/embedded/lib/ruby/gems/2.3.0/gems/test-kitchen-1.16.0/lib/kitchen/loader/yaml.rb:340:in `rescue in parse_yaml_string'
E, [2017-06-12T06:22:57.743546 #18224] ERROR -- Kitchen: /opt/chefdk/embedded/lib/ruby/gems/2.3.0/gems/test-kitchen-1.16.0/lib/kitchen/loader/yaml.rb:329:in `parse_yaml_string'
E, [2017-06-12T06:22:57.743576 #18224] ERROR -- Kitchen: /opt/chefdk/embedded/lib/ruby/gems/2.3.0/gems/test-kitchen-1.16.0/lib/kitchen/loader/yaml.rb:135:in `yaml'
E, [2017-06-12T06:22:57.743606 #18224] ERROR -- Kitchen: /opt/chefdk/embedded/lib/ruby/gems/2.3.0/gems/test-kitchen-1.16.0/lib/kitchen/loader/yaml.rb:123:in `combined_hash'
E, [2017-06-12T06:22:57.743636 #18224] ERROR -- Kitchen: /opt/chefdk/embedded/lib/ruby/gems/2.3.0/gems/test-kitchen-1.16.0/lib/kitchen/loader/yaml.rb:74:in `read'
E, [2017-06-12T06:22:57.743666 #18224] ERROR -- Kitchen: /opt/chefdk/embedded/lib/ruby/gems/2.3.0/gems/test-kitchen-1.16.0/lib/kitchen/config.rb:152:in `data'
E, [2017-06-12T06:22:57.743725 #18224] ERROR -- Kitchen: /opt/chefdk/embedded/lib/ruby/gems/2.3.0/gems/test-kitchen-1.16.0/lib/kitchen/config.rb:131:in `suites'
E, [2017-06-12T06:22:57.743781 #18224] ERROR -- Kitchen: /opt/chefdk/embedded/lib/ruby/gems/2.3.0/gems/test-kitchen-1.16.0/lib/kitchen/config.rb:182:in `filter_instances'
E, [2017-06-12T06:22:57.743816 #18224] ERROR -- Kitchen: /opt/chefdk/embedded/lib/ruby/gems/2.3.0/gems/test-kitchen-1.16.0/lib/kitchen/config.rb:141:in `build_instances'
E, [2017-06-12T06:22:57.743847 #18224] ERROR -- Kitchen: /opt/chefdk/embedded/lib/ruby/gems/2.3.0/gems/test-kitchen-1.16.0/lib/kitchen/config.rb:117:in `instances'
E, [2017-06-12T06:22:57.743878 #18224] ERROR -- Kitchen: /opt/chefdk/embedded/lib/ruby/gems/2.3.0/gems/test-kitchen-1.16.0/lib/kitchen/command.rb:112:in `filtered_instances'
E, [2017-06-12T06:22:57.743908 #18224] ERROR -- Kitchen: /opt/chefdk/embedded/lib/ruby/gems/2.3.0/gems/test-kitchen-1.16.0/lib/kitchen/command.rb:142:in `parse_subcommand'
E, [2017-06-12T06:22:57.743939 #18224] ERROR -- Kitchen: /opt/chefdk/embedded/lib/ruby/gems/2.3.0/gems/test-kitchen-1.16.0/lib/kitchen/command/action.rb:35:in `block in call'
E, [2017-06-12T06:22:57.743969 #18224] ERROR -- Kitchen: /opt/chefdk/embedded/lib/ruby/2.3.0/benchmark.rb:293:in `measure'
E, [2017-06-12T06:22:57.743999 #18224] ERROR -- Kitchen: /opt/chefdk/embedded/lib/ruby/gems/2.3.0/gems/test-kitchen-1.16.0/lib/kitchen/command/action.rb:34:in `call'
E, [2017-06-12T06:22:57.744030 #18224] ERROR -- Kitchen: /opt/chefdk/embedded/lib/ruby/gems/2.3.0/gems/test-kitchen-1.16.0/lib/kitchen/cli.rb:53:in `perform'
E, [2017-06-12T06:22:57.744059 #18224] ERROR -- Kitchen: /opt/chefdk/embedded/lib/ruby/gems/2.3.0/gems/test-kitchen-1.16.0/lib/kitchen/cli.rb:187:in `block (2 levels) in <class:CLI>'
E, [2017-06-12T06:22:57.744128 #18224] ERROR -- Kitchen: /opt/chefdk/embedded/lib/ruby/gems/2.3.0/gems/thor-0.19.1/lib/thor/command.rb:27:in `run'
E, [2017-06-12T06:22:57.744166 #18224] ERROR -- Kitchen: /opt/chefdk/embedded/lib/ruby/gems/2.3.0/gems/thor-0.19.1/lib/thor/invocation.rb:126:in `invoke_command'
E, [2017-06-12T06:22:57.744198 #18224] ERROR -- Kitchen: /opt/chefdk/embedded/lib/ruby/gems/2.3.0/gems/test-kitchen-1.16.0/lib/kitchen/cli.rb:334:in `invoke_task'
E, [2017-06-12T06:22:57.744229 #18224] ERROR -- Kitchen: /opt/chefdk/embedded/lib/ruby/gems/2.3.0/gems/thor-0.19.1/lib/thor.rb:359:in `dispatch'
E, [2017-06-12T06:22:57.744260 #18224] ERROR -- Kitchen: /opt/chefdk/embedded/lib/ruby/gems/2.3.0/gems/thor-0.19.1/lib/thor/base.rb:440:in `start'
E, [2017-06-12T06:22:57.744291 #18224] ERROR -- Kitchen: /opt/chefdk/embedded/lib/ruby/gems/2.3.0/gems/test-kitchen-1.16.0/bin/kitchen:13:in `block in <top (required)>'
E, [2017-06-12T06:22:57.744321 #18224] ERROR -- Kitchen: /opt/chefdk/embedded/lib/ruby/gems/2.3.0/gems/test-kitchen-1.16.0/lib/kitchen/errors.rb:171:in `with_friendly_errors'
E, [2017-06-12T06:22:57.744351 #18224] ERROR -- Kitchen: /opt/chefdk/embedded/lib/ruby/gems/2.3.0/gems/test-kitchen-1.16.0/bin/kitchen:13:in `<top (required)>'
E, [2017-06-12T06:22:57.744381 #18224] ERROR -- Kitchen: /usr/bin/kitchen:21:in `load'
E, [2017-06-12T06:22:57.744435 #18224] ERROR -- Kitchen: /usr/bin/kitchen:21:in `<main>'
E, [2017-06-12T06:22:57.744468 #18224] ERROR -- Kitchen: ----End Backtrace-----
